<?xml version="1.0" encoding="UTF-8"?>
<robot generator="Robot 3.2.1 (Python 3.8.3 on win32)" generated="20200628 15:39:56.492" rpa="false">
<suite id="s1" name="Tests" source="C:\projetos\squads\poc-robot\aplicacao\tests">
<suite id="s1-s1" name="Valid Login" source="C:\projetos\squads\poc-robot\aplicacao\tests\valid_login.robot">
<test id="s1-s1-t1" name="Cenário: fazer pesquisa de vídeo sobre café especial">
<kw name="Começando teste" library="variables" type="setup">
<kw name="Open Application" library="AppiumLibrary">
<doc>Opens a new application to given Appium server.
Capabilities of appium server, Android and iOS,
Please check https://github.com/appium/appium/blob/master/docs/en/writing-running-appium/server-args.md
| *Option*            | *Man.* | *Description*     |
| remote_url          | Yes    | Appium server url |
| alias               | no     | alias             |</doc>
<arguments>
<arg>${REMOTE_URL}</arg>
<arg>platformName=${PLATFORM_NAME}</arg>
<arg>platformVersion=${PLATFORM_VERSION}</arg>
<arg>avd=${AVD}</arg>
<arg>deviceName=${DEVICE_NAME}</arg>
<arg>appPackage=${APP_PACKAGE}</arg>
<arg>appActivity=${APP_ACTIVITY}</arg>
<arg>automationName=${AUTOMATION_NAME}</arg>
</arguments>
<status status="PASS" starttime="20200628 15:39:57.786" endtime="20200628 15:40:23.812"></status>
</kw>
<status status="PASS" starttime="20200628 15:39:57.785" endtime="20200628 15:40:23.821"></status>
</kw>
<kw name="Abrir campo de busca" library="variables">
<kw name="Click Element" library="AppiumLibrary">
<doc>Click element identified by `locator`.</doc>
<arguments>
<arg>accessibility_id=Search</arg>
</arguments>
<msg timestamp="20200628 15:40:23.875" level="INFO">Clicking element 'accessibility_id=Search'.</msg>
<status status="PASS" starttime="20200628 15:40:23.865" endtime="20200628 15:40:26.163"></status>
</kw>
<status status="PASS" starttime="20200628 15:40:23.850" endtime="20200628 15:40:26.167"></status>
</kw>
<kw name="Digitar as palavras" library="variables">
<arguments>
<arg>café especial</arg>
</arguments>
<kw name="Input Text" library="AppiumLibrary">
<doc>Types the given `text` into text field identified by `locator`.</doc>
<arguments>
<arg>com.google.android.youtube:id/search_edit_text</arg>
<arg>${ARGUMENTO}</arg>
</arguments>
<msg timestamp="20200628 15:40:26.193" level="INFO">Typing text 'café especial' into text field 'com.google.android.youtube:id/search_edit_text'</msg>
<status status="PASS" starttime="20200628 15:40:26.186" endtime="20200628 15:40:29.506"></status>
</kw>
<status status="PASS" starttime="20200628 15:40:26.181" endtime="20200628 15:40:29.511"></status>
</kw>
<kw name="Clicar na tecla &quot;Enter&quot;" library="variables">
<kw name="Press Keycode" library="AppiumLibrary">
<doc>Sends a press of keycode to the device.</doc>
<arguments>
<arg>66</arg>
</arguments>
<status status="PASS" starttime="20200628 15:40:29.528" endtime="20200628 15:40:31.264"></status>
</kw>
<status status="PASS" starttime="20200628 15:40:29.525" endtime="20200628 15:40:31.264"></status>
</kw>
<kw name="Verei pelo menos um resultado com a palavra chave" library="variables">
<arguments>
<arg>café especial</arg>
</arguments>
<kw name="Page Should Contain Text" library="AppiumLibrary">
<doc>Verifies that current page contains `text`.</doc>
<arguments>
<arg>${ARGUMENTO}</arg>
</arguments>
<msg timestamp="20200628 15:40:33.583" level="INFO">Current page contains text 'café especial'.</msg>
<status status="PASS" starttime="20200628 15:40:31.272" endtime="20200628 15:40:33.584"></status>
</kw>
<status status="PASS" starttime="20200628 15:40:31.266" endtime="20200628 15:40:33.584"></status>
</kw>
<kw name="Finalizando teste" library="variables" type="teardown">
<kw name="Capture Page Screenshot" library="AppiumLibrary">
<doc>Takes a screenshot of the current page and embeds it into the log.</doc>
<msg timestamp="20200628 15:40:36.307" level="INFO" html="yes">&lt;/td&gt;&lt;/tr&gt;&lt;tr&gt;&lt;td colspan="3"&gt;&lt;a href="appium-screenshot-1.png"&gt;&lt;img src="appium-screenshot-1.png" width="800px"&gt;&lt;/a&gt;</msg>
<status status="PASS" starttime="20200628 15:40:33.921" endtime="20200628 15:40:36.307"></status>
</kw>
<kw name="Close Application" library="AppiumLibrary">
<doc>Closes the current application and also close webdriver session.</doc>
<status status="PASS" starttime="20200628 15:40:36.308" endtime="20200628 15:40:40.243"></status>
</kw>
<status status="PASS" starttime="20200628 15:40:33.813" endtime="20200628 15:40:40.245"></status>
</kw>
<status status="PASS" starttime="20200628 15:39:57.784" endtime="20200628 15:40:40.266" critical="yes"></status>
</test>
<doc>O usuário informa CPF e senha para fazer login no app Jau-Serve</doc>
<status status="PASS" starttime="20200628 15:39:56.767" endtime="20200628 15:40:40.417"></status>
</suite>
<status status="PASS" starttime="20200628 15:39:56.498" endtime="20200628 15:40:40.453"></status>
</suite>
<statistics>
<total>
<stat pass="1" fail="0">Critical Tests</stat>
<stat pass="1" fail="0">All Tests</stat>
</total>
<tag>
</tag>
<suite>
<stat pass="1" fail="0" id="s1" name="Tests">Tests</stat>
<stat pass="1" fail="0" id="s1-s1" name="Valid Login">Tests.Valid Login</stat>
</suite>
</statistics>
<errors>
</errors>
</robot>
